[    0.000000] Linux version 4.15.0-74-generic (buildd@lcy01-amd64-022) (gcc version 7.4.0 (Ubuntu 7.4.0-1ubuntu1~18.04.1)) #84-Ubuntu SMP Thu Dec 19 08:06:28 UTC 2019 (Ubuntu 4.15.0-74.84-generic 4.15.18)
[    0.000000] Command line: BOOT_IMAGE=/boot/vmlinuz-4.15.0-74-generic root=LABEL=cloudimg-rootfs ro console=tty1 console=ttyS0
[    0.000000] KERNEL supported cpus:
[    0.000000]   Intel GenuineIntel
[    0.000000]   AMD AuthenticAMD
[    0.000000]   Centaur CentaurHauls
[    0.000000] x86/fpu: Supporting XSAVE feature 0x001: 'x87 floating point registers'
[    0.000000] x86/fpu: Supporting XSAVE feature 0x002: 'SSE registers'
[    0.000000] x86/fpu: Supporting XSAVE feature 0x004: 'AVX registers'
[    0.000000] x86/fpu: xstate_offset[2]:  576, xstate_sizes[2]:  256
[    0.000000] x86/fpu: Enabled xstate features 0x7, context size is 832 bytes, using 'standard' format.
[    0.000000] e820: BIOS-provided physical RAM map:
[    0.000000] BIOS-e820: [mem 0x0000000000000000-0x000000000009fbff] usable
[    0.000000] BIOS-e820: [mem 0x000000000009fc00-0x000000000009ffff] reserved
[    0.000000] BIOS-e820: [mem 0x00000000000f0000-0x00000000000fffff] reserved
[    0.000000] BIOS-e820: [mem 0x0000000000100000-0x000000003ffeffff] usable
[    0.000000] BIOS-e820: [mem 0x000000003fff0000-0x000000003fffffff] ACPI data
[    0.000000] BIOS-e820: [mem 0x00000000fec00000-0x00000000fec00fff] reserved
[    0.000000] BIOS-e820: [mem 0x00000000fee00000-0x00000000fee00fff] reserved
[    0.000000] BIOS-e820: [mem 0x00000000fffc0000-0x00000000ffffffff] reserved
[    0.000000] NX (Execute Disable) protection: active
[    0.000000] SMBIOS 2.5 present.
[    0.000000] DMI: innotek GmbH VirtualBox/VirtualBox, BIOS VirtualBox 12/01/2006
[    0.000000] Hypervisor detected: KVM
[    0.000000] e820: last_pfn = 0x3fff0 max_arch_pfn = 0x400000000
[    0.000000] MTRR: Disabled
[    0.000000] x86/PAT: MTRRs disabled, skipping PAT initialization too.
[    0.000000] CPU MTRRs all blank - virtualized system.
[    0.000000] x86/PAT: Configuration [0-7]: WB  WT  UC- UC  WB  WT  UC- UC  
[    0.000000] found SMP MP-table at [mem 0x0009fff0-0x0009ffff]
[    0.000000] Scanning 1 areas for low memory corruption
[    0.000000] RAMDISK: [mem 0x35a71000-0x36d2ffff]
[    0.000000] ACPI: Early table checksum verification disabled
[    0.000000] ACPI: RSDP 0x00000000000E0000 000024 (v02 VBOX  )
[    0.000000] ACPI: XSDT 0x000000003FFF0030 00003C (v01 VBOX   VBOXXSDT 00000001 ASL  00000061)
[    0.000000] ACPI: FACP 0x000000003FFF00F0 0000F4 (v04 VBOX   VBOXFACP 00000001 ASL  00000061)
[    0.000000] ACPI: DSDT 0x000000003FFF0470 0021FF (v02 VBOX   VBOXBIOS 00000002 INTL 20180105)
[    0.000000] ACPI: FACS 0x000000003FFF0200 000040
[    0.000000] ACPI: FACS 0x000000003FFF0200 000040
[    0.000000] ACPI: APIC 0x000000003FFF0240 00005C (v02 VBOX   VBOXAPIC 00000001 ASL  00000061)
[    0.000000] ACPI: SSDT 0x000000003FFF02A0 0001CC (v01 VBOX   VBOXCPUT 00000002 INTL 20180105)
[    0.000000] No NUMA configuration found
[    0.000000] Faking a node at [mem 0x0000000000000000-0x000000003ffeffff]
[    0.000000] NODE_DATA(0) allocated [mem 0x3ffc5000-0x3ffeffff]
[    0.000000] kvm-clock: cpu 0, msr 0:3ff44001, primary cpu clock
[    0.000000] kvm-clock: Using msrs 4b564d01 and 4b564d00
[    0.000000] kvm-clock: using sched offset of 3374264399 cycles
[    0.000000] clocksource: kvm-clock: mask: 0xffffffffffffffff max_cycles: 0x1cd42e4dffb, max_idle_ns: 881590591483 ns
[    0.000000] Zone ranges:
[    0.000000]   DMA      [mem 0x0000000000001000-0x0000000000ffffff]
[    0.000000]   DMA32    [mem 0x0000000001000000-0x000000003ffeffff]
[    0.000000]   Normal   empty
[    0.000000]   Device   empty
[    0.000000] Movable zone start for each node
[    0.000000] Early memory node ranges
[    0.000000]   node   0: [mem 0x0000000000001000-0x000000000009efff]
[    0.000000]   node   0: [mem 0x0000000000100000-0x000000003ffeffff]
[    0.000000] Reserved but unavailable: 98 pages
[    0.000000] Initmem setup node 0 [mem 0x0000000000001000-0x000000003ffeffff]
[    0.000000] ACPI: PM-Timer IO Port: 0x4008
[    0.000000] IOAPIC[0]: apic_id 2, version 32, address 0xfec00000, GSI 0-23
[    0.000000] ACPI: INT_SRC_OVR (bus 0 bus_irq 0 global_irq 2 dfl dfl)
[    0.000000] ACPI: INT_SRC_OVR (bus 0 bus_irq 9 global_irq 9 low level)
[    0.000000] Using ACPI (MADT) for SMP configuration information
[    0.000000] smpboot: Allowing 2 CPUs, 0 hotplug CPUs
[    0.000000] PM: Registered nosave memory: [mem 0x00000000-0x00000fff]
[    0.000000] PM: Registered nosave memory: [mem 0x0009f000-0x0009ffff]
[    0.000000] PM: Registered nosave memory: [mem 0x000a0000-0x000effff]
[    0.000000] PM: Registered nosave memory: [mem 0x000f0000-0x000fffff]
[    0.000000] e820: [mem 0x40000000-0xfebfffff] available for PCI devices
[    0.000000] Booting paravirtualized kernel on KVM
[    0.000000] clocksource: refined-jiffies: mask: 0xffffffff max_cycles: 0xffffffff, max_idle_ns: 7645519600211568 ns
[    0.000000] random: get_random_bytes called from start_kernel+0x99/0x4fd with crng_init=0
[    0.000000] setup_percpu: NR_CPUS:8192 nr_cpumask_bits:2 nr_cpu_ids:2 nr_node_ids:1
[    0.000000] percpu: Embedded 45 pages/cpu s147456 r8192 d28672 u1048576
[    0.000000] PV qspinlock hash table entries: 256 (order: 0, 4096 bytes)
[    0.000000] Built 1 zonelists, mobility grouping on.  Total pages: 257913
[    0.000000] Policy zone: DMA32
[    0.000000] Kernel command line: BOOT_IMAGE=/boot/vmlinuz-4.15.0-74-generic root=LABEL=cloudimg-rootfs ro console=tty1 console=ttyS0
[    0.000000] Memory: 983084K/1048120K available (12300K kernel code, 2481K rwdata, 4260K rodata, 2428K init, 2704K bss, 65036K reserved, 0K cma-reserved)
[    0.000000] SLUB: HWalign=64, Order=0- MinObjects=0, CPUs=2, Nodes=1
[    0.000000] Kernel/User page tables isolation: enabled
[    0.000000] ftrace: allocating 39322 entries in 154 pages
[    0.004000] Hierarchical RCU implementation.
[    0.004000] 	RCU restricting CPUs from NR_CPUS=8192 to nr_cpu_ids=2.
[    0.004000] 	Tasks RCU enabled.
[    0.004000] RCU: Adjusting geometry for rcu_fanout_leaf=16, nr_cpu_ids=2
[    0.004000] NR_IRQS: 524544, nr_irqs: 440, preallocated irqs: 16
[    0.004000] Console: colour VGA+ 80x25
[    0.004000] console [tty1] enabled
[    0.004000] console [ttyS0] enabled
[    0.004000] ACPI: Core revision 20170831
[    0.004000] ACPI: 2 ACPI AML tables successfully acquired and loaded
[    0.004000] APIC: Switch to symmetric I/O mode setup
[    0.004000] x2apic enabled
[    0.004000] Switched APIC routing to physical x2apic.
[    0.004000] ..TIMER: vector=0x30 apic1=0 pin1=2 apic2=-1 pin2=-1
[    0.004004] tsc: Detected 2592.000 MHz processor
[    0.004880] Calibrating delay loop (skipped) preset value.. 5184.00 BogoMIPS (lpj=10368000)
[    0.005449] pid_max: default: 32768 minimum: 301
[    0.006317] Security Framework initialized
[    0.008000] Yama: becoming mindful.
[    0.008023] AppArmor: AppArmor initialized
[    0.009368] Dentry cache hash table entries: 131072 (order: 8, 1048576 bytes)
[    0.010602] Inode-cache hash table entries: 65536 (order: 7, 524288 bytes)
[    0.011827] Mount-cache hash table entries: 2048 (order: 2, 16384 bytes)
[    0.012006] Mountpoint-cache hash table entries: 2048 (order: 2, 16384 bytes)
[    0.013616] Last level iTLB entries: 4KB 64, 2MB 8, 4MB 8
[    0.014644] Last level dTLB entries: 4KB 64, 2MB 0, 4MB 0, 1GB 4
[    0.016008] Spectre V1 : Mitigation: usercopy/swapgs barriers and __user pointer sanitization
[    0.020007] Spectre V2 : Mitigation: Full generic retpoline
[    0.021076] Spectre V2 : Spectre v2 / SpectreRSB mitigation: Filling RSB on context switch
[    0.024007] Speculative Store Bypass: Vulnerable
[    0.025084] MDS: Vulnerable: Clear CPU buffers attempted, no microcode
[    0.026614] Freeing SMP alternatives memory: 36K
[    0.130067] smpboot: CPU0: Intel(R) Core(TM) i7-6700HQ CPU @ 2.60GHz (family: 0x6, model: 0x5e, stepping: 0x3)
[    0.132088] Performance Events: unsupported p6 CPU model 94 no PMU driver, software events only.
[    0.136053] Hierarchical SRCU implementation.
[    0.137420] NMI watchdog: Perf event create on CPU 0 failed with -2
[    0.139981] NMI watchdog: Perf NMI watchdog permanently disabled
[    0.140068] smp: Bringing up secondary CPUs ...
[    0.140977] x86: Booting SMP configuration:
[    0.144004] .... node  #0, CPUs:      #1
[    0.004000] kvm-clock: cpu 1, msr 0:3ff44041, secondary cpu clock
[    0.148004] smp: Brought up 1 node, 2 CPUs
[    0.148978] smpboot: Max logical packages: 1
[    0.149977] smpboot: Total of 2 processors activated (10368.00 BogoMIPS)
[    0.151501] devtmpfs: initialized
[    0.152065] x86/mm: Memory block size: 128MB
[    0.153118] evm: security.selinux
[    0.153875] evm: security.SMACK64
[    0.154618] evm: security.SMACK64EXEC
[    0.155391] evm: security.SMACK64TRANSMUTE
[    0.156002] evm: security.SMACK64MMAP
[    0.156815] evm: security.apparmor
[    0.157626] evm: security.ima
[    0.158281] evm: security.capability
[    0.160097] clocksource: jiffies: mask: 0xffffffff max_cycles: 0xffffffff, max_idle_ns: 7645041785100000 ns
[    0.161985] futex hash table entries: 512 (order: 3, 32768 bytes)
[    0.163589] pinctrl core: initialized pinctrl subsystem
[    0.164103] RTC time: 16:29:06, date: 01/10/20
[    0.164981] NET: Registered protocol family 16
[    0.165916] audit: initializing netlink subsys (disabled)
[    0.166744] audit: type=2000 audit(1578673750.774:1): state=initialized audit_enabled=0 res=1
[    0.168012] cpuidle: using governor ladder
[    0.168723] cpuidle: using governor menu
[    0.169510] ACPI: bus type PCI registered
[    0.170160] acpiphp: ACPI Hot Plug PCI Controller Driver version: 0.5
[    0.172092] PCI: Using configuration type 1 for base access
[    0.173010] HugeTLB registered 2.00 MiB page size, pre-allocated 0 pages
[    0.176114] ACPI: Added _OSI(Module Device)
[    0.176822] ACPI: Added _OSI(Processor Device)
[    0.177547] ACPI: Added _OSI(3.0 _SCP Extensions)
[    0.180005] ACPI: Added _OSI(Processor Aggregator Device)
[    0.180953] ACPI: Added _OSI(Linux-Dell-Video)
[    0.181740] ACPI: Added _OSI(Linux-Lenovo-NV-HDMI-Audio)
[    0.182612] ACPI: Added _OSI(Linux-HPI-Hybrid-Graphics)
[    0.184276] ACPI: Executed 1 blocks of module-level executable AML code
[    0.188660] ACPI: Interpreter enabled
[    0.189392] ACPI: (supports S0 S5)
[    0.189980] ACPI: Using IOAPIC for interrupt routing
[    0.190995] PCI: Using host bridge windows from ACPI; if necessary, use "pci=nocrs" and report a bug
[    0.192159] ACPI: Enabled 2 GPEs in block 00 to 07
[    0.198491] ACPI: PCI Root Bridge [PCI0] (domain 0000 [bus 00-ff])
[    0.199597] acpi PNP0A03:00: _OSC: OS supports [ASPM ClockPM Segments MSI]
[    0.200023] acpi PNP0A03:00: _OSC: not requesting OS control; OS requires [ExtendedConfig ASPM ClockPM MSI]
[    0.201611] acpi PNP0A03:00: fail to add MMCONFIG information, can't access extended PCI configuration space under this bridge.
[    0.204304] PCI host bridge to bus 0000:00
[    0.204987] pci_bus 0000:00: root bus resource [io  0x0000-0x0cf7 window]
[    0.206027] pci_bus 0000:00: root bus resource [io  0x0d00-0xffff window]
[    0.207215] pci_bus 0000:00: root bus resource [mem 0x000a0000-0x000bffff window]
[    0.208002] pci_bus 0000:00: root bus resource [mem 0x40000000-0xfdffffff window]
[    0.209218] pci_bus 0000:00: root bus resource [bus 00-ff]
[    0.212673] pci 0000:00:01.1: legacy IDE quirk: reg 0x10: [io  0x01f0-0x01f7]
[    0.213866] pci 0000:00:01.1: legacy IDE quirk: reg 0x14: [io  0x03f6]
[    0.214940] pci 0000:00:01.1: legacy IDE quirk: reg 0x18: [io  0x0170-0x0177]
[    0.216002] pci 0000:00:01.1: legacy IDE quirk: reg 0x1c: [io  0x0376]
[    0.229799] pci 0000:00:07.0: quirk: [io  0x4000-0x403f] claimed by PIIX4 ACPI
[    0.232023] pci 0000:00:07.0: quirk: [io  0x4100-0x410f] claimed by PIIX4 SMB
[    0.241560] ACPI: PCI Interrupt Link [LNKA] (IRQs 5 9 10 *11)
[    0.244000] ACPI: PCI Interrupt Link [LNKB] (IRQs 5 9 *10 11)
[    0.244118] ACPI: PCI Interrupt Link [LNKC] (IRQs 5 *9 10 11)
[    0.245228] ACPI: PCI Interrupt Link [LNKD] (IRQs 5 9 10 *11)
[    0.248387] SCSI subsystem initialized
[    0.249125] pci 0000:00:02.0: vgaarb: setting as boot VGA device
[    0.249125] pci 0000:00:02.0: vgaarb: VGA device added: decodes=io+mem,owns=io+mem,locks=none
[    0.250285] pci 0000:00:02.0: vgaarb: bridge control possible
[    0.252003] vgaarb: loaded
[    0.252538] ACPI: bus type USB registered
[    0.253300] usbcore: registered new interface driver usbfs
[    0.254242] usbcore: registered new interface driver hub
[    0.256038] usbcore: registered new device driver usb
[    0.256959] EDAC MC: Ver: 3.0.0
[    0.256959] PCI: Using ACPI for IRQ routing
[    0.257021] NetLabel: Initializing
[    0.257652] NetLabel:  domain hash size = 128
[    0.260002] NetLabel:  protocols = UNLABELED CIPSOv4 CALIPSO
[    0.260997] NetLabel:  unlabeled traffic allowed by default
[    0.261956] clocksource: Switched to clocksource kvm-clock
[    0.271489 VFS: Disk quotas dquot_6.6.0
[    0.329859] VFS: Dquot-cache hash table entries: 512 (order 0, 4096 bytes)
[    0.331348] AppAmor: AppmoFilesystem Enabled
[    0.444389] pnp: PnP ACPI init
[    0.446307] pnp: PnP ACPI: found 3 devices

[  056834] clocksource: acpi_pm: mask: 0xffffff max_cycles: 0xffffff, max_idle_ns: 2085701024 ns
[    0.548701] NET: Registered protocol family 2

[    0.550132] TCP established hash table entries: 8192 (order: 4, 65536 bytes)
[    0.551968] TCP bind hash table entries: 8192 (order: 5, 131072 bytes)
[    0.553895] TCP: Hash tables configured (established 8192 bind 8192)
[    0.555315] UDP hash table entries: 512 (order: 2, 16384 bytes)
[    0.556732] UDP-Lite hash table entries: 512 (order: 2, 16384 bytes)
[    0.558096] NET: Registered protocol family 1
[    0.559120] pci 0000:00:00.0: Limiting direct PCI/PCI transfers
[    0.560546] pci 0000:00:01.0: Activating ISA DMA hang workarounds
[    0.561944] pci 0000:00:02.0: Video device with shadowed ROM at [mem 0x000c0000-0x000dffff]
[    0.563778] Unpacking initramfs...
[    0.812372] Freeing initrd memory: 19196K
[    0.853077] clocksource: tsc: mask: 0xffffffffffffffff max_cycles: 0x255cb6cc5db, max_idle_ns: 440795203504 ns
[    0.855026] platform rtc_cmos: registered platform RTC device (no PNP device found)
[    0.856554] Scanning for low memory corruption every 60 seconds
[    0.858384] Initialise system trusted keyrings
[    0.861115] Key type blacklist registered
[    0.861975] workingset: timestamp_bits=36 max_order=18 bucket_order=0
[    0.864251] zbud: loaded
[    0.865306] squashfs: version 4.0 (2009/01/31) Phillip Lougher
[    0.866587] fuse init (API version 7.26)
[    0.869335] Key type asymmetric registered
[    0.870088] Asymmetric key parser 'x509' registered
[    0.870855] Block layer SCSI generic (bsg) driver version 0.4 loaded (major 246)
[    0.872297] io scheduler noop registered
[    0.872996] io scheduler deadline registered
[    0.873786] io scheduler cfq registered (default)
[    0.874895] ACPI: AC Adapter [AC] (on-line)
[    0.875731] input: Power Button as /devices/LNXSYSTM:00/LNXPWRBN:00/input/input0
[    0.877169] ACPI: Power Button [PWRF]
[    0.877928] input: Sleep Button as /devices/LNXSYSTM:00/LNXSLPBN:00/input/input1
[    0.879161] ACPI: Sleep Button [SLPF]
[    0.880751] ACPI: Battery Slot [BAT0] (battery present)
[    0.881810] Serial: 8250/16550 driver, 32 ports, IRQ sharing enabled
[    0.904914] 00:02: ttyS0 at I/O 0x3f8 (irq = 4, base_baud = 115200) is a 16550A
[    0.909748] Linux agpgart interface v0.103
[    0.912259] loop: module loaded
[    0.913411] scsi host0: ata_piix
[    0.914202] scsi host1: ata_piix
[    0.914881] ata1: PATA max UDMA/33 cmd 0x1f0 ctl 0x3f6 bmdma 0xd000 irq 14
[    0.916090] ata2: PATA max UDMA/33 cmd 0x170 ctl 0x376 bmdma 0xd008 irq 15
[    0.917301] libphy: Fixed MDIO Bus: probed
[    0.918014] tun: Universal TUN/TAP device driver, 1.6
[    0.918858] PPP generic driver version 2.4.2
[    0.919767] ehci_hcd: USB 2.0 'Enhanced' Host Controller (EHCI) Driver
[    0.920937] ehci-pci: EHCI PCI platform driver
[    0.921792] ehci-platform: EHCI generic platform driver
[    0.922688] ohci_hcd: USB 1.1 'Open' Host Controller (OHCI) Driver
[    0.923737] ohci-pci: OHCI PCI platform driver
[    0.924528] ohci-platform: OHCI generic platform driver
[    0.925473] uhci_hcd: USB Universal Host Controller Interface driver
[    0.926638] i8042: PNP: PS/2 Controller [PNP0303:PS2K,PNP0f03:PS2M] at 0x60,0x64 irq 1,12
[    1.083069] serio: i8042 KBD port at 0x60,0x64 irq 1
[    1.084336] serio: i8042 AUX port at 0x60,0x64 irq 12
[    1.090935] mousedev: PS/2 mouse device common for all mice
[    1.092559] input: AT Translated Set 2 keyboard as /devices/platform/i8042/serio0/input/input2
[    1.093885] rtc_cmos rtc_cmos: rtc core: registered rtc_cmos as rtc0
[    1.095092] rtc_cmos rtc_cmos: alarms up to one day, 114 bytes nvram
[    1.096209] i2c /dev entries driver
[    1.096906] device-mapper: uevent: version 1.0.3
[    1.097808] device-mapper: ioctl: 4.37.0-ioctl (2017-09-20) initialised: dm-devel@redhat.com
[    1.099312] ledtrig-cpu: registered to indicate activity on CPUs
[    1.100860] NET: Registered protocol family 10
[    1.104736] Segment Routing with IPv6
[    1.105379] NET: Registered protocol family 17
[    1.106271] Key type dns_resolver registered
[    1.107305] mce: Using 0 MCE banks
[    1.107938] RAS: Correctable Errors collector initialized.
[    1.108792] sched_clock: Marking stable (1108776754, 0)->(1893845569, -785068815)
[    1.110430] registered taskstats version 1
[    1.111097] Loading compiled-in X.509 certificates
[    1.113967] Loaded X.509 cert 'Build time autogenerated kernel key: 62d24f9c726e026b112735485dad6e6e4b50c923'
[    1.115474] zswap: loaded using pool lzo/zbud
[    1.120030] Key type big_key registered
[    1.120820] Key type trusted registered
[    1.122912] Key type encrypted registered
[    1.123641] AppArmor: AppArmor sha1 policy hashing enabled
[    1.124670] ima: No TPM chip found, activating TPM-bypass! (rc=-19)
[    1.125790] ima: Allocated hash algorithm: sha1
[    1.126592] evm: HMAC attrs: 0x1
[    1.127352]   Magic number: 4:343:489
[    1.128256] rtc_cmos rtc_cmos: setting system clock to 2020-01-10 16:29:07 UTC (1578673747)
[    1.130047] BIOS EDD facility v0.16 2004-Jun-25, 0 devices found
[    1.131233] EDD information not available.
[    1.134924] Freeing unused kernel image memory: 2428K
[    1.156201] Write protecting the kernel read-only data: 20480k
[    1.166670] Freeing unused kernel image memory: 2008K
[    1.170751] Freeing unused kernel image memory: 1884K
[    1.186035] x86/mm: Checked W+X mappings: passed, no W+X pages found.
[    1.282223] x86/mm: Checking user space page tables
[    1.289501] x86/mm: Checked W+X mappings: passed, no W+X pages found.
Loading, please wait...
starting version 237
[    1.956531] e1000: Intel(R) PRO/1000 Network Driver - version 7.3.21-k8-NAPI
[    2.122128] e1000: Copyright (c) 1999-2006 Intel Corporation.
[    2.143136] Fusion MPT base driver 3.04.20
[    2.152440] Copyright (c) 1999-2008 LSI Corporation
[    2.158588] AVX2 version of gcm_enc/dec engaged.
[    2.159634] AES CTR mode by8 optimization enabled
[    2.164538] Fusion MPT SPI Host driver 3.04.20
[    2.369697] input: ImExPS/2 Generic Explorer Mouse as /devices/platform/i8042/serio1/input/input4
[    2.532307] e1000 0000:00:03.0 eth0: (PCI:33MHz:32-bit) 02:57:a3:c3:eb:b7
[    2.843354] e1000 0000:00:03.0 eth0: Intel(R) PRO/1000 Network Connection
[    2.845548] mptbase: ioc0: Initiating bringup
[    2.845724] e1000 0000:00:03.0 enp0s3: renamed from eth0
[    2.944913] ioc0: LSI53C1030 A0: Capabilities={Initiator}
[    3.216852] scsi host2: ioc0: LSI53C1030 A0, FwRev=00000000h, Ports=1, MaxQ=256, IRQ=20
[    3.560652] scsi 2:0:0:0: Direct-Access     VBOX     HARDDISK         1.0  PQ: 0 ANSI: 5
[    3.851496] scsi target2:0:0: Beginning Domain Validation
[    4.002545] scsi target2:0:0: Domain Validation skipping write tests
[    4.003694] scsi target2:0:0: Ending Domain Validation
[    4.004656] scsi target2:0:0: asynchronous
[    4.005666] scsi 2:0:1:0: Direct-Access     VBOX     HARDDISK         1.0  PQ: 0 ANSI: 5
[    4.221442] scsi target2:0:1: Beginning Domain Validation
[    4.373690] random: fast init done
[    4.374547] scsi target2:0:1: Domain Validation skipping write tests
[    4.375962] scsi target2:0:1: Ending Domain Validation
[    4.377411] scsi target2:0:1: asynchronous
[    4.380928] random: systemd-udevd: uninitialized urandom read (16 bytes read)
[    4.382290] random: systemd-udevd: uninitialized urandom read (16 bytes read)
[    4.382323] sd 2:0:0:0: Attached scsi generic sg0 type 0
[    4.383558] random: systemd-udevd: uninitialized urandom read (16 bytes read)
[    4.386220] sd 2:0:0:0: [sda] 20971520 512-byte logical blocks: (10.7 GB/10.0 GiB)
[    4.387559] sd 2:0:0:0: [sda] Write Protect is off
[    4.387564] sd 2:0:1:0: Attached scsi generic sg1 type 0
[    4.389887] sd 2:0:0:0: [sda] Incomplete mode parameter data
[    4.390009] sd 2:0:1:0: [sdb] 20480 512-byte logical blocks: (10.5 MB/10.0 MiB)
[    4.390963] sd 2:0:0:0: [sda] Assuming drive cache: write through
[    4.392868] sd 2:0:1:0: [sdb] Write Protect is off
[    4.395278] sd 2:0:1:0: [sdb] Incomplete mode parameter data
[    4.396783] sd 2:0:1:0: [sdb] Assuming drive cache: write through
[    4.399440]  sda: sda1
[    4.400892] sd 2:0:0:0: [sda] Attached SCSI disk
[    4.400956] sd 2:0:1:0: [sdb] Attached SCSI disk
Begin: Loading essential drivers ... [    5.851252] raid6: sse2x1   gen() 10932 MB/s
[    5.921239] raid6: sse2x1   xor()  8335 MB/s
[    6.031262] raid6: sse2x2   gen() 15109 MB/s
[    6.091293] raid6: sse2x2   xor()  9638 MB/s
[    6.161246] raid6: sse2x4   gen() 16118 MB/s
[    6.211292] raid6: sse2x4   xor() 10307 MB/s
[    6.261239] raid6: avx2x1   gen() 23046 MB/s
[    6.341235] raid6: avx2x1   xor() 15847 MB/s
[    6.401272] raid6: avx2x2   gen() 26365 MB/s
[    6.461233] raid6: avx2x2   xor() 16906 MB/s
[    6.541268] raid6: avx2x4   gen() 31042 MB/s
[    6.761326] raid6: avx2x4   xor() 20598 MB/s
[    6.854106] raid6: using algorithm avx2x4 gen() 31042 MB/s
[    6.856208] raid6: .... xor() 20598 MB/s, rmw enabled
[    6.857342] raid6: using avx2x2 recovery algorithm
[    6.873603] xor: automatically using best checksumming function   avx       
[    6.893790] async_tx: api initialized (async)
done.
Begin: Running /scripts/init-premount ... done.
Begin: Mounting root file system ... Begin: Running /scripts/local-top ... done.
Begin: Running /scripts/local-premount ... [    6.944002] Btrfs loaded, crc32c=crc32c-intel
Scanning for Btrfs filesystems
done.
Warning: fsck not present, so [    7.084780] EXT4-fs (sda1): mounted filesystem with ordered data mode. Opts: (null)
skipping root file system
done.
Begin: Running /scripts/local-bottom ... done.
Begin: Running /scripts/init-bottom ... done.
[    7.407152] ip_tables: (C) 2000-2006 Netfilter Core Team
[    7.413990] systemd[1]: systemd 237 running in system mode. (+PAM +AUDIT +SELINUX +IMA +APPARMOR +SMACK +SYSVINIT +UTMP +LIBCRYPTSETUP +GCRYPT +GNUTLS +ACL +XZ +LZ4 +SECCOMP +BLKID +ELFUTILS +KMOD -IDN2 +IDN -PCRE2 default-hierarchy=hybrid)
[    7.417920] systemd[1]: Detected virtualization oracle.
[    7.418902] systemd[1]: Detected architecture x86-64.

Welcome to [1mUbuntu 18.04.3 LTS[0m!

[    7.424917] systemd[1]: Set hostname to <ubuntu>.
[    7.427771] systemd[1]: Initializing machine ID from random generator.
[    7.429159] systemd[1]: Installed transient /etc/machine-id file.
[    7.656688] systemd[1]: Reached target Swap.
[[0;32m  OK  [0m] Reached target Swap.
[    7.854532] systemd[1]: Created slice System Slice.
[[0;32m  OK  [0m] Created slice System Slice.
[    7.856195] systemd[1]: Listening on LVM2 poll daemon socket.
[[0;32m  OK  [0m] Listening on LVM2 poll daemon socket.
[    7.857991] systemd[1]: Listening on /dev/initctl Compatibility Named Pipe.
[[0;32m  OK  [0m] Listening on /dev/initctl Compatibility Named Pipe.
[[0;32m  OK  [0m] Listening on Device-mapper event daemon FIFOs.
[[0;32m  OK  [0m] Listening on udev Kernel Socket.
[[0;32m  OK  [0m] Started Forward Password Requests to Wall Directory Watch.
[[0;32m  OK  [0m] Listening on LVM2 metadata daemon socket.
[[0;32m  OK  [0m] Listening on udev Control Socket.
[[0;32m  OK  [0m] Listening on Journal Socket (/dev/log).
[[0;32m  OK  [0m] Set up automount Arbitrary Executab…rmats File System Automount Point.
[[0;32m  OK  [0m] Listening on Journal Socket.
         Starting Set the console keyboard layout...
         Starting Load Kernel Modules...
         Mounting POSIX Message Queue File System...
         Mounting Kernel Debug File System...
         Starting udev Coldplug all Devices...
         Starting Remount Root and Kernel File Systems...
[[0;32m  OK  [0m] Listening on Network Service Netlink Socket.
         Starting Create list of required st…ce nodes for the current kernel...
[[0;32m  OK  [0m] Listening on Journal Audit Socket.
[[0;32m  OK  [0m] Reached target User and Group Name Lookups.
         Starting Uncomplicated firewall...
[[0;32m  OK  [0m] Created slice User and Session Slice.
[[0;32m  OK  [0m] Reached target Slices.
[[0;32m  OK  [0m] Reached target System Time Synchronized.
         Mounting Huge Pages File System...
[    7.957739] Loading iSCSI transport class v2.0-870.
[    7.963355] iscsi: registered transport (tcp)
[[0;32m  OK  [0m] Listening on Syslog Socket.
         Starting Journal Service...
[[0;32m  OK  [0m] Created slice system-serial\x2dgetty.slice.
         Starting Monitoring of LVM2 mirrors…ng dmeventd or progress polling...
[[0;32m  OK  [0m] Mounted POSIX Message Queue File System.
[[0;32m  OK  [0m] Mounted Kernel Debug File System.
[    8.014775] EXT4-fs (sda1): re-mounted. Opts: (null)
[[0;32m  OK  [0m] Started Create list of required sta…vice nodes for the current kernel.
[[0;32m  OK  [0m] Started Uncomplicated firewall.
[[0;32m  OK  [0m] Started Remount Root and Kernel File Systems.
[[0;32m  OK  [0m] Mounted Huge Pages File System.
         Starting Load/Save Random Seed...
         Starting Create Static Device Nodes in /dev...
[[0;32m  OK  [0m] Started LVM2 metadata daemon.
[[0;32m  OK  [0m] Started udev Coldplug all Devices.
[    8.072946] iscsi: registered transport (iser)
[[0;32m  OK  [0m] Started Load Kernel Modules.
         Starting Apply Kernel Variables...
         Mounting Kernel Configuration File System...
         Mounting FUSE Control File System...
[[0;32m  OK  [0m] Mounted FUSE Control File System.
[[0;32m  OK  [0m] Mounted Kernel Configuration File System.
[[0;32m  OK  [0m] Started Create Static Device Nodes in /dev.
         Starting udev Kernel Device Manager...
[[0;32m  OK  [0m] Started Load/Save Random Seed.
[[0;32m  OK  [0m] Started Journal Service.
         Starting Flush Journal to Persistent Storage...
[[0;32m  OK  [0m] Started udev Kernel Device Manager.
[[0;32m  OK  [0m] Started Set the console keyboard layout.
[[0;32m  OK  [0m] Started Monitoring of LVM2 mirrors,…sing dmeventd or progress polling.
[[0;32m  OK  [0m] Started Apply Kernel Variables.
[[0;32m  OK  [0m] Reached target Local File Systems (Pre).
[[0;32m  OK  [0m] Reached target Local File Systems.
         Starting Commit a transient machine-id on disk...
         Starting AppArmor initialization...
         Starting Tell Plymouth To Write Out Runtime Data...
         Starting Set console font and keymap...
         Starting ebtables ruleset management...
[[0;32m  OK  [0m] Started Dispatch Password Requests to Console Directory Watch.
[[0;32m  OK  [0m] Reached target Local Encrypted Volumes.
[[0;32m  OK  [0m] Started Tell Plymouth To Write Out Runtime Data.
[[0;32m  OK  [0m] Started Set console font and keymap.
[[0;32m  OK  [0m] Started Flush Journal to Persistent Storage.
         Starting Create Volatile Files and Directories...
[[0;32m  OK  [0m] Started Commit a transient machine-id on disk.
[[0;32m  OK  [0m] Started ebtables ruleset management.
[[0;32m  OK  [0m] Started Create Volatile Files and Directories.
[[0;32m  OK  [0m] Found device /dev/ttyS0.
         Starting Update UTMP about System Boot/Shutdown...
[[0;32m  OK  [0m] Started Update UTMP about System Boot/Shutdown.
[[0;32m  OK  [0m] Listening on Load/Save RF Kill Switch Status /dev/rfkill Watch.
[[0;32m  OK  [0m] Started AppArmor initialization.
         Starting Initial cloud-init job (pre-networking)...
[   10.147957] cloud-init[551]: Cloud-init v. 19.3-41-gc4735dd3-0ubuntu1~18.04.1 running 'init-local' at Fri, 10 Jan 2020 16:29:16 +0000. Up 9.80 seconds.
[[0;32m  OK  [0m] Started Initial cloud-init job (pre-networking).
[[0;32m  OK  [0m] Reached target Network (Pre).
         Starting Network Service...
[[0;32m  OK  [0m] Started Network Service.
         Starting Network Name Resolution...
         Starting Wait for Network to be Configured...
[[0;32m  OK  [0m] Started Network Name Resolution.
[[0;32m  OK  [0m] Reached target Host and Network Name Lookups.
[[0;32m  OK  [0m] Reached target Network.
[[0;32m  OK  [0m] Started Wait for Network to be Configured.
         Starting Initial cloud-init job (metadata service crawler)...
[   13.101787] cloud-init[664]: Cloud-init v. 19.3-41-gc4735dd3-0ubuntu1~18.04.1 running 'init' at Fri, 10 Jan 2020 16:29:19 +0000. Up 12.65 seconds.
[   13.148273] cloud-init[664]: ci-info: ++++++++++++++++++++++++++++++++++++++Net device info++++++++++++++++++++++++++++++++++++++
[   13.150763] cloud-init[664]: ci-info: +--------+------+----------------------------+---------------+--------+-------------------+
[   13.160390] cloud-init[664]: ci-info: | Device |  Up  |          Address           |      Mask     | Scope  |     Hw-Address    |
[   13.163063] cloud-init[664]: ci-info: +--------+------+----------------------------+---------------+--------+-------------------+
[   13.166175] cloud-init[664]: ci-info: | enp0s3 | True |         10.0.2.15          | 255.255.255.0 | global | 02:57:a3:c3:eb:b7 |
[   13.172992] cloud-init[664]: ci-info: | enp0s3 | True | fe80::57:a3ff:fec3:ebb7/64 |       .       |  link  | 02:57:a3:c3:eb:b7 |
[   13.179964] cloud-init[664]: ci-info: |   lo   | True |         127.0.0.1          |   255.0.0.0   |  host  |         .         |
[   13.181984] cloud-init[664]: ci-info: |   lo   | True |          ::1/128           |       .       |  host  |         .         |
[   13.183970] cloud-init[664]: ci-info: +--------+------+----------------------------+---------------+--------+-------------------+
[   13.185944] cloud-init[664]: ci-info: ++++++++++++++++++++++++++++Route IPv4 info+++++++++++++++++++++++++++++
[   13.187719] cloud-init[664]: ci-info: +-------+-------------+----------+-----------------+-----------+-------+
[   13.190522] cloud-init[664]: ci-info: | Route | Destination | Gateway  |     Genmask     | Interface | Flags |
[   13.192700] cloud-init[664]: ci-info: +-------+-------------+----------+-----------------+-----------+-------+
[   13.194730] cloud-init[664]: ci-info: |   0   |   0.0.0.0   | 10.0.2.2 |     0.0.0.0     |   enp0s3  |   UG  |
[   13.196782] cloud-init[664]: ci-info: |   1   |   10.0.2.0  | 0.0.0.0  |  255.255.255.0  |   enp0s3  |   U   |
[   13.198787] cloud-init[664]: ci-info: |   2   |   10.0.2.2  | 0.0.0.0  | 255.255.255.255 |   enp0s3  |   UH  |
[   13.200850] cloud-init[664]: ci-info: +-------+-------------+----------+-----------------+-----------+-------+
[   13.202777] cloud-init[664]: ci-info: +++++++++++++++++++Route IPv6 info+++++++++++++++++++
[   13.211432] cloud-init[664]: ci-info: +-------+-------------+---------+-----------+-------+
[   13.213010] cloud-init[664]: ci-info: | Route | Destination | Gateway | Interface | Flags |
[   13.214254] cloud-init[664]: ci-info: +-------+-------------+---------+-----------+-------+
[   13.215534] cloud-init[664]: ci-info: |   1   |  fe80::/64  |    ::   |   enp0s3  |   U   |
[   13.216873] cloud-init[664]: ci-info: |   3   |    local    |    ::   |   enp0s3  |   U   |
[   13.218201] cloud-init[664]: ci-info: |   4   |   ff00::/8  |    ::   |   enp0s3  |   U   |
[   13.219593] cloud-init[664]: ci-info: +-------+-------------+---------+-----------+-------+
[   16.039929] cloud-init[664]: Generating public/private rsa key pair.
[   16.041308] cloud-init[664]: Your identification has been saved in /etc/ssh/ssh_host_rsa_key.
[   16.065476] cloud-init[664]: Your public key has been saved in /etc/ssh/ssh_host_rsa_key.pub.
[   16.066955] cloud-init[664]: The key fingerprint is:
[   16.068025] cloud-init[664]: SHA256:5SFFdsUYKheT51PlL87pvPmPpot5YpbhqRt8olDsP8s root@ubuntu-bionic
[   16.069750] cloud-init[664]: The key's randomart image is:
[   16.070835] cloud-init[664]: +---[RSA 2048]----+
[   16.071858] cloud-init[664]: |         .*.o=...|
[[   16.114422] cloud-init[664]: |         o.=o o. |
[   16.114601] cloud-init[664]: |        o =o .  .|
[   16.115037] cloud-init[664]: |     .   * .o   .|
[   16.115235] cloud-init[664]: |      o S .  .. .|
[   16.115718] cloud-init[664]: |     o .  .  o o |
[0;32m  OK  [0m] Started Initial cloud-init job (metadata service crawler).
[   16.116491] [cloud-init[0;32m  OK  [0m[664]: ] |    . . +..+  +  |Reached target System Initialization.

[[0;32m  OK  [0m] Started Daily apt download activities.
[   16.131337] cloud-init[664]: |     . +.+Bo.o.o |
[[0;32m  OK  [0m] Started ACPI Events Check.
[[0;32m  OK  [0m] Started Daily Cleanup of Temporary Directories.
[   16.137574] cloud-init[664]:          Starting LXD - unix socket.
[[0;32m  OK  [0m] Listening on ACPID Listen Socket.
[[0;32m  OK  [0m] Started Daily apt upgrade and clean activities.
[[0;32m  OK  [0m] Reached target Paths.
[[0;32m  OK  [0m] Listening on D-Bus System Message Bus Socket.
[[0;32m  OK  [0m] Started Message of the Day.
[[0;32m  OK  [0m] Started Discard unused blocks once a week.
[[0;32m  OK  [0m] Reached target Timers.
[[0;32m  OK  [0m] Listening on Open-iSCSI iscsid Socket.
[[0;32m  OK  [0m] Listening on UUID daemon activation socket.
         Starting Socket activation for snappy daemon.
[[0;32m  OK  [0m] Reached target Cloud-config availability.
[[0;32m  OK  [0m] Reached target Network is Online.
[[0;32m  OK  [0m] Reached target Remote File Systems (Pre).
[[0;32m  OK  [0m] Reached target Remote File Systems.
         Starting Availability of block devices...
[[0;32m  OK  [0m] Listening on LXD - unix socket.
[[0;32m  OK  [0m] Listening on Socket activation for snappy daemon.
[[0;32m  OK  [0m] Reached target Sockets.
[[0;32m  OK  [0m] Reached target Basic System.
         Starting Accounts Service...
|      . EBooo+*o+|
         Starting LSB: automatic crash report generation...
[   16.187083] cloud-init[664]: +----[SHA256]-----+
[   16.188523] cloud-init         Starting Pollinate to seed the pseudo random number generator...
[664]: Generating public/private dsa key pair.
         Starting Login Service...
[   16.204890] cloud-init[664]: Your identification has been saved in /etc/ssh/ssh_host_dsa_key.
[[0;32m  OK  [0m] Started irqbalance daemon.
[   16.222098] cloud-init[664]: Your public key has been saved in /etc/ssh/ssh_host_dsa_key.pub.
[   16.234094] cloud-init[664]: The key fingerprint is:
[   16.235035] cloud-init[664]: SHA256:mxkuTzhrnW7m8kNBS0BAIPCLzoTVEZIQjus8aOc5ehM root@ubuntu-bionic
[   16.236634] cloud-init[664]: The key's randomart image is:
[   16.238784] cloud-init[664]: +---[DSA 1024]----+
[[0;32m  OK  [0m] Started D-Bus System Message Bus.
[   16.256547] cloud-init[664]: |*oo+=+o.         |
[   16.257279] cloud-init[664]: |oo.o .  o        |
[   16.258021] cloud-init[664]: |..o .  o .       |
[   16.258763] cloud-init[664]: |.+ .    o        |
[   16.259578] cloud-init[664]: |+..     S.       |
[   16.260395] cloud-init[664]: |B  E   o.=       |
[   16.261168] cloud-init[664]: |.B .. +o*.       |
[   16.261953] cloud-init[664]: |. ++. o**        |
[   16.284164] cloud-init[664]: | .ooo..B=.       |
[[   16.312278] cloud-init[664]: +----[SHA256]-----+
[   16.312460] cloud-init[664]: Generating public/private ecdsa key pair.
[0;32m  OK  [0m] Started FUSE filesystem for LXC.
[   16.312716] cloud-init[664]: Your identification has been saved in /etc/ssh/ssh_host_ecdsa_key.
[[   16.344757] cloud-init[664]: Your public key has been saved in /etc/ssh/ssh_host_ecdsa_key.pub.
[   16.344927] cloud-init[664]: The key fingerprint is:
[0;32m  OK  [0m] Started Regular background program processing daemon.
[   16.345326] cloud-init[664]: SHA256:PBofuAMH65AvZIB2diZlnFo+sVyWUCebQFL62+79ccg root@ubuntu-bionic
[   16.361202] cloud-init[664]: The key's randomart image is:
[   16.362006] cloud-init[664]: +---[ECDSA 256]---+
[   16.362808] cloud-init[664]: |   .+B+o..       |
[   16.365725] cloud-init[664]: |.   ==.+=        |
[   16.366536] cloud-init[664]: |o. =*o=o         |
         [   16.400265] Starting Dispatcher daemon for systemd-networkd...cloud-init
[664]: |..oo=B o         |
         [   16.421984] Starting Virtualbox guest utils...cloud-init
[664]: |  = o.= S        |
[   16.448789] cloud-init[664]: | o + oo= o. .    |
[   16.448915] cloud-init[664]: |  . o.+..  E .   |
[   16.449349] cloud-init[664]: |   .  ...   o    |
[   16.449611] cloud-init[664]: |      .o ...     |
[   16.449974] cloud-init[664]: +----[SHA256]-----+
[   16.450317] cloud-init[664]: Generating public/private ed25519 key pair.
[   16.450696] cloud-init[664]: Your identification has been saved in /etc/ssh/ssh_host_ed25519_key.
[   16.451046] cloud-init[664]: Your public key has been saved in /etc/ssh/ssh_host_ed25519_key.pub.
[   16.451453] cloud-init[664]: The key fingerprint is:
[   16.451787] cloud-init[664]: SHA256:cYPZr7zriDE4rBTaocFArzQouK7tPkcqCcZZBXMhqHk root@ubuntu-bionic
[   16.452536] cloud-init[664]: The key's randomart image is:
[   16.452875] cloud-init[664]: +--[ED25519 256]--+
[   16.453222] cloud-init[664]: | ..+.o.          |
[[0;32m  OK  [0m] [   16.453426] Started Deferred execution scheduler.cloud-init
[664]: |+.. +.   +       |
[   16.453492] cloud-init[664]: |*+ ..   + +      |
         Starting System Logging Service...
[   16.563273] cloud-init[664]: |B.E.     o o     |
[   16.564987] cloud-init[664]: |++=     S   .    |
[   16.565817] cloud-init[664]: |oO +..   . .     |
         [   16.571492] cloud-init[664]: |=ooo+ o   o      |
[   16.571930] cloud-init[664]: |+oo... + . .     |
Starting Permit User Sessions...[   16.572993] cloud-init[664]: |.+=o  . ..+.     |
[   16.573620] cloud-init[664]: +----[SHA256]-----+

         Starting LSB: Record successful boot for GRUB...
         Starting LXD - container startup/shutdown...
         Starting Snappy daemon...
[[0;32m  OK  [0m] Started System Logging Service.
[[0;32m  OK  [0m] Started Dispatcher daemon for systemd-networkd.
[[0;32m  OK  [0m] Started Availability of block devices.
[[0;32m  OK  [0m] Started Permit User Sessions.
[[0;32m  OK  [0m] Started Login Service.
         Starting Authorization Manager...
[[0;32m  OK  [0m] Started Unattended Upgrades Shutdown.
         Starting Terminate Plymouth Boot Screen...
         Starting Hold until boot process finishes up...
[[0;32m  OK  [0m] Started Terminate Plymouth Boot Screen.
[[0;32m  OK  [0m] Started Hold until boot process finishes up.
[[0;32m  OK  [0m] Started Serial Getty on ttyS0.
         Starting Set console scheme...
[[0;32m  OK  [0m] Started LSB: automatic crash report generation.
[[0;32m  OK  [0m] Started Set console scheme.
[[0;32m  OK  [0m] Created slice system-getty.slice.
[[0;32m  OK  [0m] Started Getty on tty1.
[[0;32m  OK  [0m] Reached target Login Prompts.
[[0;32m  OK  [0m] Started LXD - container startup/shutdown.
[[0;32m  OK  [0m] Started Authorization Manager.
[[0;32m  OK  [0m] Started Accounts Service.
[[0;32m  OK  [0m] Started LSB: Record successful boot for GRUB.
[[0;32m  OK  [0m] Started Virtualbox guest utils.
[[0;32m  OK  [0m] Started Snappy daemon.
         Starting Wait until snapd is fully seeded...
[[0;32m  OK  [0m] Started Pollinate to seed the pseudo random number generator.
         Starting OpenBSD Secure Shell server...
[[0;32m  OK  [0m] Started OpenBSD Secure Shell server.
[[0;32m  OK  [0m] Created slice User Slice of vagrant.
         Starting User Manager for UID 1000...
[[0;32m  OK  [0m] Started Session 1 of user vagrant.
[[0;32m  OK  [0m] Started User Manager for UID 1000.
[[0;32m  OK  [0m] Started Wait until snapd is fully seeded.
[[0;32m  OK  [0m] Reached target Multi-User System.
[[0;32m  OK  [0m] Reached target Graphical Interface.
         Starting Update UTMP about System Runlevel Changes...
         Starting Apply the settings specified in cloud-config...
[[0;32m  OK  [0m] Started Update UTMP about System Runlevel Changes.
[   19.950659] cloud-init[1371]: Cloud-init v. 19.3-41-gc4735dd3-0ubuntu1~18.04.1 running 'modules:config' at Fri, 10 Jan 2020 16:29:25 +0000. Up 19.58 seconds.
[[0;32m  OK  [0m] Started Apply the settings specified in cloud-config.
         Starting Execute cloud user/final scripts...
ci-info: no authorized ssh keys fingerprints found for user ubuntu.
<14>Jan 10 16:29:26 ec2: 
<14>Jan 10 16:29:26 ec2: #############################################################
<14>Jan 10 16:29:26 ec2: -----BEGIN SSH HOST KEY FINGERPRINTS-----
<14>Jan 10 16:29:26 ec2: 1024 SHA256:mxkuTzhrnW7m8kNBS0BAIPCLzoTVEZIQjus8aOc5ehM root@ubuntu-bionic (DSA)
<14>Jan 10 16:29:26 ec2: 256 SHA256:PBofuAMH65AvZIB2diZlnFo+sVyWUCebQFL62+79ccg root@ubuntu-bionic (ECDSA)
<14>Jan 10 16:29:26 ec2: 256 SHA256:cYPZr7zriDE4rBTaocFArzQouK7tPkcqCcZZBXMhqHk root@ubuntu-bionic (ED25519)
<14>Jan 10 16:29:26 ec2: 2048 SHA256:5SFFdsUYKheT51PlL87pvPmPpot5YpbhqRt8olDsP8s root@ubuntu-bionic (RSA)
<14>Jan 10 16:29:26 ec2: -----END SSH HOST KEY FINGERPRINTS-----
<14>Jan 10 16:29:26 ec2: #############################################################
-----BEGIN SSH HOST KEY KEYS-----
ecdsa-sha2-nistp256 AAAAE2VjZHNhLXNoYTItbmlzdHAyNTYAAAAIbmlzdHAyNTYAAABBBOCIGNiwf3uMpkB/xvPrHfGKCV0ggEskBPaHc6YdxBvw4Ss7KJcS5aaQAOnVCsEgFRBhvpc+s6cvm6PeYbPHHas= root@ubuntu-bionic
ssh-ed25519 AAAAC3NzaC1lZDI1NTE5AAAAIHj+V4kQHWz3fbNngS7L+coN9I1UHQr9cmZnCpGfWzsI root@ubuntu-bionic
ssh-rsa AAAAB3NzaC1yc2EAAAADAQABAAABAQDCHjvrLPxCoGFD+gjl2jRhGvmx5IVp5v9YOEnT1Z+4BAtd0HFrep5C6twkYblPF+V5HPXnA1FRKYm7waN16NAHgjia2506R0N/ViCXRlOHDaIduD9q3l0HSDc2/WTW+idx0aEPmKKIJFxVKZexEIBrWcNXzzJvFYFHu0S5p+Yd2RR7zB7C00adL3a76WBmCNxVBHHC3ER7aIfRZYMAFCOf3J+SRFNtl3K/Yc7ZzwcAzX16gbrTbYLTcgrK3qzgGp8cHQC+MsM//0D36/T7igcJ/SDqQi4T7IzidRfxH2fyXm2lw9UfaUZkh69OlcmFxPbi/6wAP2amg6IkaJWrrsvD root@ubuntu-bionic
-----END SSH HOST KEY KEYS-----
[   20.629353] cloud-init[1454]: Cloud-init v. 19.3-41-gc4735dd3-0ubuntu1~18.04.1 running 'modules:final' at Fri, 10 Jan 2020 16:29:26 +0000. Up 20.34 seconds.
[   20.631490] cloud-init[1454]: ci-info: no authorized ssh keys fingerprints found for user ubuntu.
[   20.632929] cloud-init[1454]: Cloud-init v. 19.3-41-gc4735dd3-0ubuntu1~18.04.1 finished at Fri, 10 Jan 2020 16:29:26 +0000. Datasource DataSourceNoCloud [seed=/dev/sdb][dsmode=net].  Up 20.62 seconds
[[0;32m  OK  [0m] Started Execute cloud user/final scripts.
[[0;32m  OK  [0m] Reached target Cloud-init target.

Ubuntu 18.04.3 LTS ubuntu-bionic ttyS0

ubuntu-bionic login: 